  Transcad.cpp
C:\Users\user\source\repos\Add new lines from Transcad\Add new lines from Transcad\just_G.h(652,11): warning C4267: 'initializing': conversion from 'size_t' to 'uint16_t', possible loss of data
  (compiling source file 'Transcad.cpp')
  
C:\Users\user\source\repos\Add new lines from Transcad\Add new lines from Transcad\just_G.h(1532,22): warning C4267: 'initializing': conversion from 'size_t' to 'int', possible loss of data
  (compiling source file 'Transcad.cpp')
  
C:\Users\user\source\repos\Add new lines from Transcad\Add new lines from Transcad\just_G.h(1540,157): warning C4244: 'argument': conversion from 'double' to 'size_t', possible loss of data
  (compiling source file 'Transcad.cpp')
  
C:\Users\user\source\repos\Add new lines from Transcad\Add new lines from Transcad\just_G.h(2977,18): warning C4267: 'initializing': conversion from 'size_t' to 'int', possible loss of data
  (compiling source file 'Transcad.cpp')
  
C:\Users\user\source\repos\Add new lines from Transcad\Add new lines from Transcad\just_G.h(3021,18): warning C4267: 'initializing': conversion from 'size_t' to 'int', possible loss of data
  (compiling source file 'Transcad.cpp')
  
C:\Users\user\source\repos\Add new lines from Transcad\Add new lines from Transcad\just_G.h(3060,18): warning C4267: 'initializing': conversion from 'size_t' to 'int', possible loss of data
  (compiling source file 'Transcad.cpp')
  
C:\Users\user\source\repos\Add new lines from Transcad\Add new lines from Transcad\just_G.h(3100,18): warning C4267: 'initializing': conversion from 'size_t' to 'int', possible loss of data
  (compiling source file 'Transcad.cpp')
  
C:\Users\user\source\repos\Add new lines from Transcad\Add new lines from Transcad\just_G.h(3151,18): warning C4267: 'initializing': conversion from 'size_t' to 'int', possible loss of data
  (compiling source file 'Transcad.cpp')
  
C:\Users\user\source\repos\Add new lines from Transcad\Add new lines from Transcad\Transcad.cpp(161,35): warning C4101: 'oor': unreferenced local variable
C:\Users\user\source\repos\Add new lines from Transcad\Add new lines from Transcad\Transcad.cpp(187,19): warning C4244: 'initializing': conversion from 'double' to 'int', possible loss of data
C:\Users\user\source\repos\Add new lines from Transcad\Add new lines from Transcad\Transcad.cpp(205,20): warning C4244: 'initializing': conversion from 'double' to 'int', possible loss of data
C:\Users\user\source\repos\Add new lines from Transcad\Add new lines from Transcad\Transcad.cpp(220,19): warning C4244: 'initializing': conversion from 'double' to 'int', possible loss of data
C:\Users\user\source\repos\Add new lines from Transcad\Add new lines from Transcad\Transcad.cpp(239,35): warning C4101: 'oor': unreferenced local variable
C:\Users\user\source\repos\Add new lines from Transcad\Add new lines from Transcad\Transcad.cpp(248,35): warning C4101: 'oor': unreferenced local variable
C:\Users\user\source\repos\Add new lines from Transcad\Add new lines from Transcad\Transcad.cpp(325,47): warning C4244: 'argument': conversion from 'double' to 'size_t', possible loss of data
C:\Users\user\source\repos\Add new lines from Transcad\Add new lines from Transcad\Transcad.cpp(337,19): warning C4244: 'initializing': conversion from 'double' to 'int', possible loss of data
C:\Users\user\source\repos\Add new lines from Transcad\Add new lines from Transcad\Transcad.cpp(369,49): warning C4244: 'argument': conversion from 'double' to 'size_t', possible loss of data
C:\Users\user\source\repos\Add new lines from Transcad\Add new lines from Transcad\Transcad.cpp(399,20): warning C4244: 'initializing': conversion from 'double' to 'int', possible loss of data
C:\Users\user\source\repos\Add new lines from Transcad\Add new lines from Transcad\Transcad.cpp(421,49): warning C4244: 'argument': conversion from 'double' to 'size_t', possible loss of data
C:\Users\user\source\repos\Add new lines from Transcad\Add new lines from Transcad\Transcad.cpp(306,36): warning C4101: 'oor': unreferenced local variable
C:\Users\user\source\repos\Add new lines from Transcad\Add new lines from Transcad\Transcad.cpp(382,38): warning C4101: 'oor': unreferenced local variable
C:\Users\user\source\repos\Add new lines from Transcad\Add new lines from Transcad\Transcad.cpp(434,38): warning C4101: 'oor': unreferenced local variable
C:\Users\user\source\repos\Add new lines from Transcad\Add new lines from Transcad\Transcad.cpp(484,35): warning C4101: 'oor': unreferenced local variable
  main.cpp
C:\Users\user\source\repos\Add new lines from Transcad\Add new lines from Transcad\just_G.h(652,11): warning C4267: 'initializing': conversion from 'size_t' to 'uint16_t', possible loss of data
  (compiling source file 'main.cpp')
  
C:\Users\user\source\repos\Add new lines from Transcad\Add new lines from Transcad\just_G.h(1532,22): warning C4267: 'initializing': conversion from 'size_t' to 'int', possible loss of data
  (compiling source file 'main.cpp')
  
C:\Users\user\source\repos\Add new lines from Transcad\Add new lines from Transcad\just_G.h(1540,157): warning C4244: 'argument': conversion from 'double' to 'size_t', possible loss of data
  (compiling source file 'main.cpp')
  
C:\Users\user\source\repos\Add new lines from Transcad\Add new lines from Transcad\just_G.h(2977,18): warning C4267: 'initializing': conversion from 'size_t' to 'int', possible loss of data
  (compiling source file 'main.cpp')
  
C:\Users\user\source\repos\Add new lines from Transcad\Add new lines from Transcad\just_G.h(3021,18): warning C4267: 'initializing': conversion from 'size_t' to 'int', possible loss of data
  (compiling source file 'main.cpp')
  
C:\Users\user\source\repos\Add new lines from Transcad\Add new lines from Transcad\just_G.h(3060,18): warning C4267: 'initializing': conversion from 'size_t' to 'int', possible loss of data
  (compiling source file 'main.cpp')
  
C:\Users\user\source\repos\Add new lines from Transcad\Add new lines from Transcad\just_G.h(3100,18): warning C4267: 'initializing': conversion from 'size_t' to 'int', possible loss of data
  (compiling source file 'main.cpp')
  
C:\Users\user\source\repos\Add new lines from Transcad\Add new lines from Transcad\just_G.h(3151,18): warning C4267: 'initializing': conversion from 'size_t' to 'int', possible loss of data
  (compiling source file 'main.cpp')
  
C:\Users\user\source\repos\Add new lines from Transcad\Add new lines from Transcad\main.cpp(350,72): warning C4101: 'endM': unreferenced local variable
C:\Users\user\source\repos\Add new lines from Transcad\Add new lines from Transcad\main.cpp(350,53): warning C4101: 'startH': unreferenced local variable
C:\Users\user\source\repos\Add new lines from Transcad\Add new lines from Transcad\main.cpp(350,67): warning C4101: 'endH': unreferenced local variable
C:\Users\user\source\repos\Add new lines from Transcad\Add new lines from Transcad\main.cpp(350,60): warning C4101: 'startM': unreferenced local variable
  Generating Code...
  Add new lines from Transcad.vcxproj -> C:\Users\user\source\repos\Add new lines from Transcad\x64\Debug\Add new lines from Transcad.exe
